<?xml version="1.0" encoding="UTF-8"?>
<testng-results ignored="0" total="1" passed="1" failed="0" skipped="0">
  <reporter-output>
  </reporter-output>
  <suite started-at="2024-01-16T17:06:28 IST" name="Suite" finished-at="2024-01-16T17:10:58 IST" duration-ms="270458">
    <groups>
    </groups>
    <test started-at="2024-01-16T17:06:28 IST" name="Test" finished-at="2024-01-16T17:10:58 IST" duration-ms="270458">
      <class name="com.Test.Profile_PageTest">
        <test-method is-config="true" signature="BS()[pri:0, instance:com.Test.Profile_PageTest@7dda48d9]" started-at="2024-01-16T17:06:28 IST" name="BS" finished-at="2024-01-16T17:06:28 IST" duration-ms="8" status="PASS">
          <reporter-output>
          </reporter-output>
        </test-method> <!-- BS -->
        <test-method is-config="true" signature="setup()[pri:0, instance:com.Test.Profile_PageTest@7dda48d9]" started-at="2024-01-16T17:06:28 IST" name="setup" finished-at="2024-01-16T17:06:39 IST" duration-ms="10814" status="PASS">
          <reporter-output>
          </reporter-output>
        </test-method> <!-- setup -->
        <test-method signature="Profile_PageTest()[pri:0, instance:com.Test.Profile_PageTest@7dda48d9]" started-at="2024-01-16T17:06:39 IST" name="Profile_PageTest" finished-at="2024-01-16T17:10:58 IST" duration-ms="259241" status="PASS">
          <reporter-output>
          </reporter-output>
        </test-method> <!-- Profile_PageTest -->
        <test-method is-config="true" signature="teardown()[pri:0, instance:com.Test.Profile_PageTest@7dda48d9]" started-at="2024-01-16T17:10:58 IST" name="teardown" finished-at="2024-01-16T17:10:58 IST" duration-ms="271" status="PASS">
          <reporter-output>
          </reporter-output>
        </test-method> <!-- teardown -->
      </class> <!-- com.Test.Profile_PageTest -->
    </test> <!-- Test -->
  </suite> <!-- Suite -->
</testng-results>
